生成启动时间为 2017/4/6 星期四 10:17:11。
     1>项目“E:\visual studio 2013\Projects\My Server\LuaLib\LuaLib.vcxproj”在节点 2 上(Rebuild 个目标)。
     1>ClCompile:
         E:\Program Files (x86)\Microsoft Visual Studio 12.0\VC\bin\CL.exe /c /Zi /nologo /W3 /WX- /sdl /O2 /Oi /Oy- /GL /D WIN32 /D NDEBUG /D _LIB /D _UNICODE /D UNICODE /Gm- /EHsc /MD /GS /Gy /fp:precise /Zc:wchar_t /Zc:forScope /Fo"Release\\" /Fd"Release\vc120.pdb" /Gd /TC /analyze- /errorReport:prompt "lua-5.3.4\src\lapi.c" "lua-5.3.4\src\lauxlib.c" "lua-5.3.4\src\lbaselib.c" "lua-5.3.4\src\lbitlib.c" "lua-5.3.4\src\lcode.c" "lua-5.3.4\src\lcorolib.c" "lua-5.3.4\src\lctype.c" "lua-5.3.4\src\ldblib.c" "lua-5.3.4\src\ldebug.c" "lua-5.3.4\src\ldo.c" "lua-5.3.4\src\ldump.c" "lua-5.3.4\src\lfunc.c" "lua-5.3.4\src\lgc.c" "lua-5.3.4\src\linit.c" "lua-5.3.4\src\liolib.c" "lua-5.3.4\src\llex.c" "lua-5.3.4\src\lmathlib.c" "lua-5.3.4\src\lmem.c" "lua-5.3.4\src\loadlib.c" "lua-5.3.4\src\lobject.c" "lua-5.3.4\src\lopcodes.c" "lua-5.3.4\src\loslib.c" "lua-5.3.4\src\lparser.c" "lua-5.3.4\src\lstate.c" "lua-5.3.4\src\lstring.c" "lua-5.3.4\src\lstrlib.c" "lua-5.3.4\src\ltable.c" "lua-5.3.4\src\ltablib.c" "lua-5.3.4\src\ltm.c" "lua-5.3.4\src\lua.c" "lua-5.3.4\src\luac.c" "lua-5.3.4\src\lundump.c" "lua-5.3.4\src\lutf8lib.c" "lua-5.3.4\src\lvm.c" "lua-5.3.4\src\lzio.c"
         lapi.c
         lauxlib.c
         lbaselib.c
         lbitlib.c
         lcode.c
         lcorolib.c
         lctype.c
         ldblib.c
         ldebug.c
         ldo.c
         ldump.c
         lfunc.c
         lgc.c
         linit.c
         liolib.c
         llex.c
         lmathlib.c
         lmem.c
         loadlib.c
         lobject.c
         正在编译...
         lopcodes.c
         loslib.c
         lparser.c
         lstate.c
         lstring.c
         lstrlib.c
         ltable.c
         ltablib.c
         ltm.c
         lua.c
         luac.c
         lundump.c
         lutf8lib.c
         lvm.c
         lzio.c
       Lib:
         E:\Program Files (x86)\Microsoft Visual Studio 12.0\VC\bin\Lib.exe /OUT:"E:\visual studio 2013\Projects\My Server\Release\LuaLib.lib" /NOLOGO /LTCG Release\lapi.obj
         Release\lauxlib.obj
         Release\lbaselib.obj
         Release\lbitlib.obj
         Release\lcode.obj
         Release\lcorolib.obj
         Release\lctype.obj
         Release\ldblib.obj
         Release\ldebug.obj
         Release\ldo.obj
         Release\ldump.obj
         Release\lfunc.obj
         Release\lgc.obj
         Release\linit.obj
         Release\liolib.obj
         Release\llex.obj
         Release\lmathlib.obj
         Release\lmem.obj
         Release\loadlib.obj
         Release\lobject.obj
         Release\lopcodes.obj
         Release\loslib.obj
         Release\lparser.obj
         Release\lstate.obj
         Release\lstring.obj
         Release\lstrlib.obj
         Release\ltable.obj
         Release\ltablib.obj
         Release\ltm.obj
         Release\lua.obj
         Release\luac.obj
         Release\lundump.obj
         Release\lutf8lib.obj
         Release\lvm.obj
         Release\lzio.obj
     1>lua.obj : warning LNK4006: _main 已在 luac.obj 中定义；已忽略第二个定义
         LuaLib.vcxproj -> E:\visual studio 2013\Projects\My Server\Release\LuaLib.lib
     1>已完成生成项目“E:\visual studio 2013\Projects\My Server\LuaLib\LuaLib.vcxproj”(Rebuild 个目标)的操作。

生成成功。

已用时间 00:00:03.28
