e:\visual studio 2013\projects\my server\lualib\debug\vc120.pdb
e:\visual studio 2013\projects\my server\lualib\debug\vc120.idb
e:\visual studio 2013\projects\my server\lualib\debug\llex.obj
e:\visual studio 2013\projects\my server\lualib\debug\lmathlib.obj
e:\visual studio 2013\projects\my server\lualib\debug\lmem.obj
e:\visual studio 2013\projects\my server\lualib\debug\loadlib.obj
e:\visual studio 2013\projects\my server\lualib\debug\lobject.obj
e:\visual studio 2013\projects\my server\lualib\debug\lopcodes.obj
e:\visual studio 2013\projects\my server\lualib\debug\loslib.obj
e:\visual studio 2013\projects\my server\lualib\debug\lparser.obj
e:\visual studio 2013\projects\my server\lualib\debug\lstate.obj
e:\visual studio 2013\projects\my server\lualib\debug\lstring.obj
e:\visual studio 2013\projects\my server\lualib\debug\lstrlib.obj
e:\visual studio 2013\projects\my server\lualib\debug\ltable.obj
e:\visual studio 2013\projects\my server\lualib\debug\ltablib.obj
e:\visual studio 2013\projects\my server\lualib\debug\ltm.obj
e:\visual studio 2013\projects\my server\lualib\debug\lua.obj
e:\visual studio 2013\projects\my server\lualib\debug\luac.obj
e:\visual studio 2013\projects\my server\lualib\debug\lundump.obj
e:\visual studio 2013\projects\my server\lualib\debug\lutf8lib.obj
e:\visual studio 2013\projects\my server\lualib\debug\lvm.obj
e:\visual studio 2013\projects\my server\lualib\debug\lzio.obj
e:\visual studio 2013\projects\my server\lualib\debug\lapi.obj
e:\visual studio 2013\projects\my server\lualib\debug\lauxlib.obj
e:\visual studio 2013\projects\my server\lualib\debug\lbaselib.obj
e:\visual studio 2013\projects\my server\lualib\debug\lbitlib.obj
e:\visual studio 2013\projects\my server\lualib\debug\lcode.obj
e:\visual studio 2013\projects\my server\lualib\debug\lcorolib.obj
e:\visual studio 2013\projects\my server\lualib\debug\lctype.obj
e:\visual studio 2013\projects\my server\lualib\debug\ldblib.obj
e:\visual studio 2013\projects\my server\lualib\debug\ldebug.obj
e:\visual studio 2013\projects\my server\lualib\debug\ldo.obj
e:\visual studio 2013\projects\my server\lualib\debug\ldump.obj
e:\visual studio 2013\projects\my server\lualib\debug\lfunc.obj
e:\visual studio 2013\projects\my server\lualib\debug\lgc.obj
e:\visual studio 2013\projects\my server\lualib\debug\linit.obj
e:\visual studio 2013\projects\my server\lualib\debug\liolib.obj
e:\visual studio 2013\projects\my server\debug\lualib.lib
e:\visual studio 2013\projects\my server\lualib\debug\lualib.tlog\cl.command.1.tlog
e:\visual studio 2013\projects\my server\lualib\debug\lualib.tlog\cl.read.1.tlog
e:\visual studio 2013\projects\my server\lualib\debug\lualib.tlog\cl.write.1.tlog
e:\visual studio 2013\projects\my server\lualib\debug\lualib.tlog\lib-link.read.1.tlog
e:\visual studio 2013\projects\my server\lualib\debug\lualib.tlog\lib-link.write.1.tlog
e:\visual studio 2013\projects\my server\lualib\debug\lualib.tlog\lib.command.1.tlog
